2025-02-04 14:46:26 Loading main app package /usr/lib/obsidian/obsidian.asar
2025-02-04 14:46:26 Checking for update using Github
2025-02-04 14:46:26 Success.
2025-02-04 14:46:26 Latest version is 1.8.4
2025-02-04 14:46:26 App is up to date.
2025-02-04 15:46:26 Checking for update using Github
2025-02-04 15:46:26 Success.
2025-02-04 15:46:26 Latest version is 1.8.4
2025-02-04 15:46:26 App is up to date.
2025-02-04 16:46:26 Checking for update using Github
2025-02-04 16:46:26 Success.
2025-02-04 16:46:26 Latest version is 1.8.4
2025-02-04 16:46:26 App is up to date.
2025-02-04 17:13:27 Loading main app package /usr/lib/obsidian/obsidian.asar
2025-02-04 17:13:27 Checking for update using Github
2025-02-04 17:13:28 Success.
2025-02-04 17:13:28 Latest version is 1.8.4
2025-02-04 17:13:28 App is up to date.
2025-02-05 09:08:01 Loading main app package /usr/lib/obsidian/obsidian.asar
2025-02-05 09:08:01 Checking for update using Github
2025-02-05 09:08:01 Success.
2025-02-05 09:08:01 Latest version is 1.8.4
2025-02-05 09:08:01 App is up to date.
2025-02-05 10:08:01 Checking for update using Github
2025-02-05 10:08:02 Success.
2025-02-05 10:08:02 Latest version is 1.8.4
2025-02-05 10:08:02 App is up to date.
2025-02-05 10:29:07 Loading main app package /usr/lib/obsidian/obsidian.asar
2025-02-05 10:29:07 Checking for update using Github
2025-02-05 10:29:29 Loading main app package /usr/lib/obsidian/obsidian.asar
2025-02-05 10:29:29 Checking for update using Github
2025-02-05 10:29:30 Success.
2025-02-05 10:29:30 Latest version is 1.8.4
2025-02-05 10:29:30 App is up to date.
2025-02-05 20:43:20 Loading main app package /usr/lib/obsidian/obsidian.asar
2025-02-05 20:43:20 Checking for update using Github
2025-02-05 20:43:21 Success.
2025-02-05 20:43:21 Latest version is 1.8.4
2025-02-05 20:43:21 App is up to date.
2025-02-06 14:43:28 Loading main app package /usr/lib/obsidian/obsidian.asar
2025-02-06 14:43:29 Checking for update using Github
2025-02-06 14:43:29 Success.
2025-02-06 14:43:29 Latest version is 1.8.4
2025-02-06 14:43:29 App is up to date.
2025-02-06 23:24:30 Loading main app package /usr/lib/obsidian/obsidian.asar
2025-02-06 23:24:30 Checking for update using Github
2025-02-06 23:24:30 Success.
2025-02-06 23:24:30 Latest version is 1.8.4
2025-02-06 23:24:30 App is up to date.
2025-02-08 15:18:24 Loading main app package /usr/lib/obsidian/obsidian.asar
2025-02-08 15:18:25 Checking for update using Github
2025-02-08 15:18:25 Success.
2025-02-08 15:18:25 Latest version is 1.8.4
2025-02-08 15:18:25 App is up to date.
2025-02-08 18:17:39 Loading main app package /usr/lib/obsidian/obsidian.asar
2025-02-08 18:17:39 Checking for update using Github
2025-02-08 18:17:40 Success.
2025-02-08 18:17:40 Latest version is 1.8.4
2025-02-08 18:17:40 App is up to date.
2025-02-08 23:32:54 Loading main app package /usr/lib/obsidian/obsidian.asar
2025-02-08 23:32:54 Checking for update using Github
2025-02-08 23:32:56 Success.
2025-02-08 23:32:56 Latest version is 1.8.4
2025-02-08 23:32:56 App is up to date.
2025-02-09 21:11:57 Loading main app package /usr/lib/obsidian/obsidian.asar
2025-02-09 21:11:58 Checking for update using Github
2025-02-09 21:11:58 Success.
2025-02-09 21:11:58 Latest version is 1.8.4
2025-02-09 21:11:58 App is up to date.
2025-02-09 22:11:57 Checking for update using Github
2025-02-09 22:11:57 Success.
2025-02-09 22:11:57 Latest version is 1.8.4
2025-02-09 22:11:57 App is up to date.
2025-02-09 23:11:57 Checking for update using Github
2025-02-09 23:11:58 Success.
2025-02-09 23:11:58 Latest version is 1.8.4
2025-02-09 23:11:58 App is up to date.
2025-02-10 00:11:58 Checking for update using Github
2025-02-10 00:11:58 Success.
2025-02-10 00:11:58 Latest version is 1.8.4
2025-02-10 00:11:58 App is up to date.
2025-02-10 10:25:41 Checking for update using Github
2025-02-10 10:25:41 Success.
2025-02-10 10:25:41 Latest version is 1.8.4
2025-02-10 10:25:41 App is up to date.
2025-02-11 12:55:57 Loading main app package /usr/lib/obsidian/obsidian.asar
2025-02-11 12:55:58 Checking for update using Github
2025-02-11 12:55:58 Success.
2025-02-11 12:55:58 Latest version is 1.8.4
2025-02-11 12:55:58 App is up to date.
2025-02-11 17:20:18 Loading main app package /usr/lib/obsidian/obsidian.asar
2025-02-11 17:20:19 Checking for update using Github
2025-02-11 17:20:19 Success.
2025-02-11 17:20:19 Latest version is 1.8.4
2025-02-11 17:20:19 App is up to date.
2025-02-11 17:22:16 Loading main app package /usr/lib/obsidian/obsidian.asar
2025-02-11 17:22:17 Checking for update using Github
2025-02-11 17:22:17 Success.
2025-02-11 17:22:17 Latest version is 1.8.4
2025-02-11 17:22:17 App is up to date.
2025-02-11 17:25:55 Loading main app package /usr/lib/obsidian/obsidian.asar
2025-02-11 17:25:55 Checking for update using Github
2025-02-11 17:25:55 Success.
2025-02-11 17:25:55 Latest version is 1.8.4
2025-02-11 17:25:55 App is up to date.
2025-02-11 19:11:10 Loading main app package /usr/lib/obsidian/obsidian.asar
2025-02-11 19:11:11 Checking for update using Github
2025-02-11 19:11:11 Success.
2025-02-11 19:11:11 Latest version is 1.8.4
2025-02-11 19:11:11 App is up to date.
2025-02-12 10:13:06 Loading main app package /usr/lib/obsidian/obsidian.asar
2025-02-12 10:13:06 Checking for update using Github
2025-02-12 10:13:06 Success.
2025-02-12 10:13:06 Latest version is 1.8.4
2025-02-12 10:13:06 App is up to date.
2025-02-12 11:13:06 Checking for update using Github
2025-02-12 11:13:06 Success.
2025-02-12 11:13:06 Latest version is 1.8.4
2025-02-12 11:13:06 App is up to date.
2025-02-12 12:13:06 Checking for update using Github
2025-02-12 12:13:06 Success.
2025-02-12 12:13:06 Latest version is 1.8.4
2025-02-12 12:13:06 App is up to date.
2025-02-12 18:54:33 Loading main app package /usr/lib/obsidian/obsidian.asar
2025-02-12 18:54:33 Checking for update using Github
2025-02-12 18:54:33 Success.
2025-02-12 18:54:33 Latest version is 1.8.4
2025-02-12 18:54:33 App is up to date.
2025-02-12 20:51:17 Checking for update using Github
2025-02-12 20:51:17 Success.
2025-02-12 20:51:17 Latest version is 1.8.4
2025-02-12 20:51:17 App is up to date.
2025-02-12 21:51:17 Checking for update using Github
2025-02-12 21:51:17 Success.
2025-02-12 21:51:17 Latest version is 1.8.4
2025-02-12 21:51:17 App is up to date.
2025-02-12 23:34:50 Checking for update using Github
2025-02-12 23:34:50 Success.
2025-02-12 23:34:50 Latest version is 1.8.4
2025-02-12 23:34:50 App is up to date.
2025-02-13 10:08:42 Checking for update using Github
2025-02-13 10:08:42 Success.
2025-02-13 10:08:42 Latest version is 1.8.4
2025-02-13 10:08:42 App is up to date.
2025-02-13 11:31:32 Checking for update using Github
2025-02-13 11:31:32 Success.
2025-02-13 11:31:32 Latest version is 1.8.4
2025-02-13 11:31:32 App is up to date.
2025-02-13 12:31:32 Checking for update using Github
2025-02-13 12:31:32 Success.
2025-02-13 12:31:32 Latest version is 1.8.4
2025-02-13 12:31:32 App is up to date.
